epoch,acc,loss,val_acc,val_loss
0,0.3857957681703699,1.7209819703334608,0.22372681778039447,2.3150975932294493
1,0.5075252989891371,1.4063812282048131,0.4936708860759494,1.376944735817324
2,0.5453541858391467,1.2828553454680738,0.4836620679029234,1.4238836388176317
3,0.56754369825865,1.2127044769504691,0.5716808948897248,1.2018579505877456
4,0.5786936522571999,1.1692627941498321,0.5521047983865791,1.2341735053139642
5,0.5925666973364935,1.1326008963014627,0.4989696791110967,1.4166844411565866
6,0.6021711131565705,1.1049519175526847,0.5977332940654682,1.1265483358203223
7,0.6101931922788892,1.0814957062432606,0.5840447453460098,1.1536152586713762
8,0.6203127874950806,1.056534515949379,0.5485722696584641,1.2462257312822946
9,0.6247654093880114,1.0433138148194623,0.6199587871475994,1.0666710768231653
10,0.6301379944824141,1.0238062826207501,0.6215778628025892,1.0586888640461019
11,0.6347746090167361,1.0117123958619232,0.6018545775508964,1.1316065653513767
12,0.6392272309118603,0.9995669578299571,0.5837503679541935,1.146875294668379
13,0.6427230910774536,0.9871527601801812,0.6111274653931102,1.1060800244431304
14,0.6499724011072459,0.978642822171749,0.614807182790814,1.0644712266340866
15,0.6470285188658257,0.9710202647527644,0.62569914632311,1.0586065500667596
16,0.650450781973108,0.9649133687142176,0.6286429202588193,1.024870319737734
17,0.6539834406689536,0.9560671231213687,0.6423314689607315,1.0078888987491228
18,0.6590616375355953,0.9395482061845837,0.6249632028435692,1.0762375934109254
19,0.6622263109541422,0.9340930876473056,0.6411539593583737,0.9866131774495551
20,0.6623367065383188,0.9268819684727869,0.5925816897613215,1.140652296348007
21,0.6671205151815862,0.9146031081775184,0.6430674124402722,0.9821033999784434
22,0.6707635694583184,0.9140233203919524,0.6315866941243437,1.036916850067287
23,0.6660165593420132,0.913002961881685,0.6370326758729453,1.0266834704673111
24,0.67661453541968,0.8979374443201593,0.6529290550661185,0.9936540067845104
25,0.6752897884128504,0.8995302271996491,0.6457168089315265,0.985003418595362
26,0.6776448942053285,0.8899335105285364,0.6396820723817459,1.0164409884467418
27,0.6819871205217595,0.8831271106185667,0.6454224315397101,1.007280343835902
28,0.6845262189523387,0.8774747714364649,0.6234913158844877,1.0481116053354118
29,0.6873965041442212,0.8745410718145783,0.6374742419957623,1.0367299757057826
30,0.6872861085600445,0.868486423549459,0.6312923167325273,1.0519223214248576
31,0.6892364305493583,0.8631882205048941,0.6501324698438636,0.9887889669086781
32,0.7135970561177553,0.8065369576265095,0.6806005298968515,0.9175881768697706
33,0.7191168353287803,0.7913542818079986,0.6779511333705047,0.9178264762922214
34,0.7219871205184695,0.7804612757815279,0.67912864293777,0.9115772033250082
35,0.7209199632036654,0.7778109831029161,0.6744186046687091,0.920801557405296
36,0.7247838086498475,0.7714178457025442,0.6786870768500455,0.9134855547441185
37,0.7246366145398053,0.7724136580363697,0.6798645864173107,0.9093022582493777
38,0.7265501380010603,0.7621404345822971,0.6785398881541373,0.9084428931496794
39,0.7309291628400667,0.7556447562276495,0.6797173977214026,0.9070273228066439
40,0.7302299908014647,0.7594324363955908,0.6760376803236987,0.9150989836617571
41,0.7277644894248099,0.7620036701752488,0.6766264351073313,0.9066782564424858
42,0.7307451701953857,0.7539653822941416,0.678098322066413,0.9100729518158491
43,0.7319227230976565,0.7461207905886035,0.6783926994582292,0.9071347728209317
44,0.7340938362476468,0.7448937815531965,0.681042095984576,0.9077641171569645
45,0.7349402023984845,0.7447523461050579,0.6813364733763922,0.9100061253410667
46,0.7366329346891928,0.7407430662665766,0.6798645864173107,0.9052014413004873
47,0.7347562097538033,0.7434687543090813,0.6808949072886679,0.90049719213913
48,0.7331002759933472,0.7378822954992911,0.6813364733412998,0.9092329282391447
49,0.7361177552941751,0.7347985847125715,0.6838386812068309,0.9064065451337058
50,0.7413431462763423,0.7328110478378373,0.6773623785517796,0.9152444123449767
51,0.7370009199653949,0.7362760254079964,0.6814836620372079,0.9122057149681864
52,0.737037718495647,0.7324095034050964,0.6775095672827803,0.9111900056043652
53,0.7393928242936086,0.7305645902856512,0.6844274359904635,0.9002292263427131
54,0.739834406623735,0.7234977177490087,0.680600529861759,0.9077364516356499
55,0.740680772773476,0.7228715439443755,0.6822196055167488,0.9082124960538321
56,0.7417479300893768,0.7230246664036714,0.6816308507331161,0.9077324462280857
57,0.7423735050641843,0.7216040309591917,0.6800117750781264,0.9098893236264713
58,0.7417847286174356,0.7229390886494514,0.6810420959494835,0.9131063315704847
59,0.7430358785659541,0.7180596413607979,0.6814836620372079,0.9174659189351138
60,0.7450597976124824,0.715863264010604,0.6820724168208405,0.9079567307333825
61,0.7446918123297003,0.7162808080956601,0.6823667942126569,0.9124946859362267
62,0.7453173873067012,0.7118223398413916,0.6857521342185444,0.9098538003811458
63,0.7468261269593085,0.7096038314017442,0.6833971151191065,0.917320081195938
64,0.7514627414947271,0.7035357805272254,0.6850161907390037,0.9105722594513835
65,0.7497700092040187,0.6977202920378516,0.6842802472594629,0.911606231874882
66,0.7514995400216893,0.7036364377740335,0.6833971150840139,0.9109905360900973
67,0.7526402943904178,0.6951527282505158,0.6853105681308199,0.9138947050642329
68,0.7490708371687067,0.7007841719644489,0.6839858698676465,0.9116849053211341
69,0.7505059797651963,0.6998234535755098,0.6851633794349118,0.9129463138564882
70,0.7483716651355881,0.7037314789407058,0.6860465116103607,0.9114819858437044
71,0.7492916283414467,0.6991819239715534,0.6848690020430955,0.9113891897813552
72,0.7473413063499394,0.7032583734916785,0.684427435955371,0.9125641072922888
73,0.752824287035099,0.6962918000673085,0.6833971150840139,0.9108684386861721
74,0.7502483900665908,0.6994153257960448,0.6829555489962895,0.9126393248973821
75,0.7509475620975161,0.7001961628252361,0.6829555489962895,0.9119212348951744
76,0.7496228150895898,0.7006027467796971,0.6835443037799221,0.9130385169078927
77,0.7513891444386094,0.6971749068863806,0.6835443037799221,0.9127110430764072
78,0.7529714811418511,0.6986418928086703,0.6838386955881842,0.9119270269522948
79,0.752824287035099,0.693928887254071,0.6831027376921976,0.914085997968763
80,0.7502483900709775,0.7021210835850776,0.6831027376921976,0.9133210613126084
81,0.7481876724952936,0.6979503734570199,0.6842802472594629,0.9120070804453331
82,0.7502851885946497,0.7001438894684203,0.6838386811717384,0.9166213180305047
83,0.7500643974284897,0.6996678029251625,0.6853105681308199,0.9100873037791091
84,0.7534866605379654,0.6950464134887477,0.6836914924758303,0.9135207696665656
85,0.7526770929228634,0.6974931722490088,0.6838386811717384,0.9112936417109692
86,0.7499172033140609,0.704899182946943,0.6841330585635547,0.9116811223124138
87,0.7468997240176196,0.7020979007428791,0.684427435955371,0.9117615475246125
88,0.7517203311911392,0.6989485044137206,0.6850161907390037,0.9122074123407273
89,0.7525666973332034,0.7009800417837794,0.6841330585635547,0.9128282984846439
90,0.7524195032209678,0.6958492453293507,0.684427435955371,0.9138457858987089
91,0.750579576818024,0.699900604794633,0.6845746246512792,0.9121245492687287
92,0.7509475621040962,0.6961521648198175,0.6839858698676465,0.9127298968309229
93,0.751499540022786,0.6969056176393539,0.6832499263881058,0.9120830505568734



0,0.40459981601174644,1.672145597603525,0.45996467474807456,1.5034502062476098
1,0.5089604415856267,1.3820648365362918,0.5372387400998555,1.3008710970975457
2,0.5436614535484384,1.269563427015303,0.4430379746923174,1.5004960890549015
3,0.5685372585107563,1.1991256446759417,0.5360612304799516,1.2536934219390672
4,0.5841766329357793,1.1549086628820004,0.5669708566469833,1.210212249176131
5,0.597019319233811,1.113574824491113,0.5621136296732411,1.2342403125229533
6,0.6043422263153343,1.0919908408100931,0.6056814836708279,1.0993023133116469
7,0.6144986200617779,1.0657635006843187,0.568737120989108,1.2061586824978032
8,0.6232934682645596,1.0440023252562634,0.6221666176388605,1.0290249250620858
9,0.6304323827057885,1.0236743808933213,0.5818369149600263,1.1333849557470075
10,0.6338178472872052,1.0095062427906785,0.5956726523403003,1.1113019732120706
11,0.638822447108696,1.0029856350406552,0.5930232558139535,1.1290516041993464
12,0.6450781968787052,0.9852869079259962,0.6335001472237884,1.0155660355831546
13,0.6463293468283203,0.9794681891587862,0.6033264645275243,1.0922162385768739
14,0.6525482980746574,0.9594861077955258,0.6136296732410951,1.0727988387473653
15,0.6558233670718975,0.9511762964517125,0.6337945246156047,0.9798093763631619
16,0.6569273229114705,0.9436041250092894,0.6320282602647069,1.0026895661967483
17,0.6609015639396358,0.9365108026971264,0.6504268472532262,0.9644148522768086
18,0.6659429622826054,0.9210874274814469,0.6365911098378597,0.9816584606398053
19,0.6673045078240739,0.9154205971391463,0.6407123932881955,1.001449979786877
20,0.6732658693696121,0.9067031597411183,0.6432146011537266,0.9960560966036339
21,0.6786384544651116,0.8963836465456558,0.6663232264113068,0.9218650005268707
22,0.6799264029504624,0.8866503872209003,0.6555784515573728,0.9490896764137059
23,0.6823919043282137,0.8818858178800252,0.6523403003000322,0.9702935900307769
24,0.6850781968787052,0.8769350822232903,0.6508684133058581,0.9623269056410588
25,0.6848942042362175,0.87072238446598,0.6599941124346174,0.9369459161521198
26,0.6898620055208758,0.8613689592593069,0.6345304680425067,1.0038731912321506
27,0.6880588776514743,0.8599631334382016,0.6604356785749806,0.9493068164680016
28,0.6926954921868929,0.8504964841212718,0.6548425080778321,0.9398196803354887
29,0.6942042318340168,0.8461154326322217,0.6635266411364131,0.932295226282255
30,0.6967801287992349,0.8376182594316863,0.6680894907446584,0.9185990590118541
31,0.701232750691069,0.8315787613709914,0.6480718281186957,0.9793913887288944
32,0.7041030358802098,0.8229330385641539,0.6536649985105668,0.9607081623473236
33,0.7062373505081732,0.8177261318333563,0.6698557550604638,0.936470183302874
34,0.7081508739661381,0.815197254532285,0.6620547541773316,0.9364247335066752
35,0.7084452621928025,0.8105913197939398,0.6761848689845144,0.9090964821180175
36,0.7113891444386093,0.8029666924893363,0.6688254342417455,0.9255722178618347
37,0.7103955841788263,0.8039977593968084,0.6588166028673522,0.9486342458680057
38,0.7145538178516728,0.7951502690999576,0.6763320577330613,0.916308325320298
39,0.7154369825250859,0.7904962713124013,0.6508684132883118,0.9613538234592501
40,0.7176448942053285,0.7829806805117588,0.6730939063879894,0.9232056443046253
41,0.7231278748893913,0.7790708657855163,0.6595525463995318,0.9642689574421032
42,0.7239742410325521,0.7723162184994267,0.664115395937592,0.9407119803264417
43,0.7220239190498183,0.7762980987922578,0.6561672063936442,0.9686221466157098
44,0.7257037718535128,0.7657225793594599,0.6585222254755358,0.9825056650935463
45,0.7269181232816491,0.7613553905158056,0.6449808654519856,0.9990706047592073
46,0.7482980680794703,0.7086614816048437,0.689137474224432,0.8807654215512571
47,0.7572401104021642,0.6857072066295662,0.6919340594993256,0.8777021663765153
48,0.7592640294454025,0.6747868727299744,0.6892846629729789,0.8794683694909663
49,0.7660717571362949,0.6664482573006497,0.6898734177566115,0.8818024113348802
50,0.7645630174803975,0.6619622739631316,0.6875183986220811,0.8868689129273261
51,0.7690892364305428,0.6537904724810468,0.6885487194934381,0.8960833671270555
52,0.7690892364305428,0.6520721082261866,0.6900206064525196,0.8947512000527212
53,0.7687212511543408,0.6480241371846133,0.6911981160197849,0.8960957855977555
54,0.7694940202435772,0.648767135753035,0.6897262290607034,0.893160540460312
55,0.7723275069063041,0.6452492683901081,0.6858993229144525,0.8964730783318785
56,0.7735050598041882,0.6396907306594813,0.6889902855285238,0.8958510670691404
57,0.7765961361578438,0.6318188087723073,0.6884015307448912,0.896133890459388
58,0.7771113155473781,0.6297847846591813,0.6909037385753298,0.8942828674263066
59,0.7775528978906647,0.6285093459582921,0.6897262290607034,0.8915391450493975
60,0.7790984360669442,0.6266163584806553,0.6901677951484279,0.8948588458306305
61,0.7760073597099985,0.6252883992616255,0.6910509273238767,0.8938834805821263
62,0.7802023919087105,0.6209481014718456,0.6907565499320605,0.896847297663123
63,0.7760073597099985,0.6299803451298571,0.6911981160197849,0.8929849336664573
64,0.7779944802229846,0.6305440137160405,0.6916396821075094,0.8951313851474136
65,0.7801655933806517,0.6220200799151967,0.6911981160197849,0.8921008920332667
66,0.7775160993582191,0.622882153242141,0.6895790403647952,0.8959056059683215
67,0.7798344066281218,0.6190377667505147,0.6906093612361522,0.8931646676915584
68,0.7770377184934537,0.6256976266354733,0.6895790403647952,0.8946982543188438
69,0.7799816007381639,0.6235179184485491,0.6906093612361522,0.8946430997214038
70,0.7804967801331816,0.6275373680304253,0.691345304715693,0.8923194172945941
71,0.7818583256691667,0.620822248167145,0.690314983844336,0.8938310963285646
72,0.7808279668813247,0.6204581797824832,0.6914924934116012,0.8933262407762147
73,0.7797976081000629,0.6209972056096699,0.690314983844336,0.8949943139407787
74,0.7807543698274003,0.6216748417553379,0.690314983844336,0.8934844097811789
75,0.7787304507863555,0.6238462172984638,0.6898734177566115,0.894981850656931
76,0.7771849126067859,0.6253884178273921,0.6910509273238767,0.8919115250062198
77,0.7781416743396068,0.6252811126568609,0.6909037386279686,0.8921895888682004
78,0.7786200551999855,0.6232202256274202,0.6900206064525196,0.8948149032230619
79,0.7816375345030068,0.6195681690709133,0.6897262290607034,0.8944335816571177
80,0.7764489420488984,0.6266628704250901,0.691345304715693,0.8933485391949217
81,0.7772953081898658,0.625860425722961,0.6906093612361522,0.8923210491318544
82,0.7806071757173582,0.6188511196209294,0.6906093612361522,0.8943220031657989
83,0.7782152713935312,0.6256283554311399,0.6916396821075094,0.892590035260829
84,0.7824471021181088,0.6213471845891789,0.6904621725402441,0.8920670611948907
85,0.7804599816073161,0.6191311166126353,0.6901677951484279,0.8939974345562912
86,0.7814903403885779,0.6189197659711829,0.6895790403647952,0.8940767578633702
87,0.7752345906229554,0.6261141242603698,0.6894318516688871,0.8934106890299687
