epoch,acc,loss,val_acc,val_loss
0,0.347672493103566,1.7365912038861004,0.3588460406328532,1.749001458177575
1,0.45729530819425257,1.459403406299356,0.4702678834440991,1.4776923660674726
2,0.503661453542955,1.3423311950223864,0.5319399470296158,1.2665829802387631
3,0.5223551058001549,1.2759151459222775,0.5600529879129806,1.2145126830454185
4,0.536559337629785,1.2348774145322867,0.5621136296907874,1.1641940533641089
5,0.5523459061703335,1.199043649762951,0.5668236679598483,1.1838708416412675
6,0.5644158233736454,1.1736614234357552,0.5825728584220208,1.1419512632491837
7,0.5760441582347673,1.1502045149088125,0.5540182514158388,1.2216973118582717
8,0.5836982520715622,1.1245850309759735,0.588901972310979,1.1358157720746873
9,0.5889236430553745,1.110983709350242,0.5902266706092448,1.1106346142372736
10,0.5933762649504987,1.1008918232422085,0.6100971445568456,1.0752805840418134
11,0.5975712971503074,1.0908276988479557,0.6121577862469211,1.0613209352375375
12,0.6021343146318017,1.071276844054488,0.6221666175686755,1.0336977535217764
13,0.6050781968787052,1.0663377229774778,0.6143656167381821,1.0900856179983291
14,0.6091628334888539,1.0513007708087139,0.5974389166736519,1.1222007952264241
15,0.612548298072464,1.0426867046461483,0.6127465410831924,1.0437109849893034
16,0.6164489420488984,1.0387521188853526,0.6046511627906976,1.086901049175998
17,0.617773689059018,1.0277626688851056,0.5942007653636725,1.116530534727699
18,0.6232566697354041,1.0217058173625317,0.6279069767617323,1.013897016017199
19,0.6233302667915218,1.0192023530045888,0.6149543715218148,1.0420794971451746
20,0.6270101196017963,1.0089715817134755,0.6181925227967016,1.0598261352669045
21,0.6295860165637244,1.0023935442203322,0.6177509567089772,1.0533633969410539
22,0.6246550138060281,1.0025655131835727,0.6047983515041521,1.1123067460623004
23,0.6324563017523168,0.9911314973791696,0.6329113923699707,1.0160549937503143
24,0.6365777368971045,0.9885939706698842,0.6354136002179557,1.0011640332325578
25,0.6357681692798092,0.9852388006914835,0.6315866941594361,1.0419029822095478
26,0.6313155473824916,0.9830958138130735,0.6326170150307933,1.0315236107089572
27,0.6378288868511063,0.9763636807860205,0.6393876950425683,1.0025749984368668
28,0.6393744250229991,0.9690534803794959,0.6367382985162215,0.9960821927786926
29,0.6429438822490969,0.9657545888500687,0.6215778628025892,1.0488309943925151
30,0.6425022999112937,0.9642718263975282,0.6298204297734458,1.0298317817508875
31,0.6465869365291191,0.9558317837938872,0.645275242843802,0.9689574862951246
32,0.646807727691989,0.9531695684469832,0.6283485428143643,1.035001956630462
33,0.6483532658759453,0.9530770641285669,0.6429202237443641,0.9916225635271968
34,0.647138914444519,0.9467419457896215,0.6423314689607315,0.9794516495862426
35,0.65103955842205,0.9437911766433014,0.6405652046098336,0.996093498895475
36,0.6494940202457705,0.944441021877138,0.6332057697793333,1.011732778147034
37,0.6514443422306977,0.941927534349489,0.6458639976625271,0.9887173592886365
38,0.6515179392835254,0.9332756209965682,0.629526052416722,0.9913379403117969
39,0.6545354185876434,0.9336653277384873,0.6526346776392097,0.974260395542467
40,0.6586200552043722,0.929846906297889,0.6488077715455977,0.9902133774960922
41,0.6567065317453106,0.9290566151188181,0.61672063583762,1.0492438588873723
42,0.6744434222696896,0.8808218220339638,0.6680894907446584,0.9270404929584147
43,0.6830910763613325,0.8632098460965126,0.668678245528291,0.9225248939365649
44,0.6857773689096305,0.8548637691307419,0.6682366794405665,0.924215889412198
45,0.6878380864809277,0.8484015425872452,0.6710332646628215,0.9264522606848548
46,0.6886476540982229,0.8476921105406761,0.6710332646628215,0.9211222970875215
47,0.687727690896751,0.845967494180253,0.6680894907446584,0.921097673877113
48,0.688058877649281,0.8480921145064522,0.668678245528291,0.9151558441065816
49,0.6857773689118238,0.848166673146154,0.6683838681364748,0.9195869234701729
50,0.6882060717637098,0.8419032705214008,0.665734471610128,0.9199653746522382
51,0.6915179392835253,0.8377376676110247,0.6701501324873725,0.9236967428786144
52,0.6908923643076211,0.8382200057131496,0.6713276420546378,0.9135758479465482
53,0.6940938362509369,0.8331116847171626,0.6716220194464542,0.9222052652747412
54,0.6956761729552753,0.8288172978025681,0.6720635855341786,0.9253378725241379
55,0.6930634774674816,0.8304401682272019,0.6729467177096276,0.9173072525814137
56,0.6947194112279378,0.8347213747617621,0.6727995290137193,0.9198513911389449
57,0.6965961361589406,0.82549616200834,0.6713276420546378,0.9188708565780476
58,0.6967065317453105,0.8233172218845651,0.6642625846510464,0.9265676084900379
59,0.6928426862991284,0.8288825973328254,0.6692670003119237,0.9237892820812654
60,0.6962649494020239,0.8267047652084014,0.6697085663996482,0.924092062771724
61,0.6941306347811891,0.8284780552547353,0.6688254342241992,0.9241401255306231
62,0.6979208831712534,0.8231307913101147,0.6722107742300867,0.9239617772038488
63,0.7012327506965524,0.816535041435333,0.6754489255400661,0.9186127910218872
64,0.6993928242914152,0.8148236636887368,0.6742714159728009,0.9173300583414516
65,0.6993928242936086,0.8123521195361674,0.6748601707564336,0.9172009436969094
66,0.7019687212533433,0.8152984680554795,0.6727995290137193,0.9169851089878436
67,0.6997240110406551,0.8157091263136736,0.6750073594523417,0.9160387696572743
68,0.6990616375388854,0.8175267782601723,0.672505151621903,0.917121375865153
69,0.7046550138038348,0.8056416869580252,0.6714748307505459,0.9165811539661334
70,0.7000919963212439,0.8131560276491223,0.6730939064055357,0.9181971446464859
71,0.6989880404827676,0.8153337271255205,0.6720635855341786,0.9188222718705561
72,0.6985096596158088,0.8190488728549136,0.6738298498850764,0.9179178152078736
73,0.7036614535440517,0.8092130513287731,0.6739770385809846,0.9184334571216961
74,0.7010119595281993,0.8169410587607334,0.6733882837973519,0.9191490385965421
75,0.6995032198777852,0.8195749726905226,0.6741242272768927,0.9178074135442043
76,0.700975160994657,0.8173991077321323,0.6733882837973519,0.9171387832814678
77,0.6984360625640778,0.8177690922983656,0.6730939064055357,0.9173180027624983
78,0.6992088316533143,0.814601086951662,0.6729467177096276,0.9186204918823349
79,0.6982888684518422,0.8133520959557583,0.6719163968382704,0.9188279120631523
80,0.6998344066281218,0.8141386404647231,0.6730939064055357,0.9181175250269435
81,0.6993560257633563,0.8139195503131337,0.6739770385809846,0.9182448991000529
82,0.7016007359771412,0.8132764092298856,0.6733882837973519,0.918253073095398
83,0.7017111315569312,0.8136499883959681,0.6733882837973519,0.9185302184633132
84,0.6992456301791797,0.8139735925362104,0.6730939064055357,0.9180470305767205
85,0.6985832566730232,0.8173933921434952,0.6733882837973519,0.9182832548556554
86,0.6998344066248318,0.8150630488522906,0.6736826611891683,0.918688894651692
87,0.6996504139900207,0.8148367224555555,0.6730939064055357,0.9177508492802464
88,0.7022263109519489,0.8151347783956379,0.6730939064055357,0.9184603961839864
89,0.6989144434288432,0.815393537106378,0.6730939064055357,0.9176759667823973
90,0.6976264949467825,0.8177860253056805,0.6730939064055357,0.9178899300161586
91,0.7003127874950805,0.8140192118607866,0.6742714159728009,0.916958611687738
92,0.7002759889670217,0.8127041039690581,0.6726523403178112,0.9185291125576461
